#
# A fatal error has been detected by the Java Runtime Environment:
#
#  SIGSEGV (0xb) at pc=0x00007fff6d2bf7d1, pid=1851, tid=4867
#
# JRE version: Java(TM) SE Runtime Environment (8.0_25-b17) (build 1.8.0_25-b17)
# Java VM: Java HotSpot(TM) 64-Bit Server VM (25.25-b02 mixed mode bsd-amd64 compressed oops)
# Problematic frame:
# C  0x00007fff6d2bf7d1
#
# Failed to write core dump. Core dumps have been disabled. To enable core dumping, try "ulimit -c unlimited" before starting Java again
#
# If you would like to submit a bug report, please visit:
#   http://bugreport.sun.com/bugreport/crash.jsp
#

---------------  T H R E A D  ---------------

Current thread (0x00007fe2bc00b000):  JavaThread "main" [_thread_in_vm, id=4867, stack(0x0000000106f1d000,0x000000010701d000)]

siginfo: si_signo: 11 (SIGSEGV), si_code: 1 (SEGV_MAPERR), si_addr: 0x00000001271e2000

Registers:
RAX=0x00000001271e2000, RBX=0x000000010701b780, RCX=0x00000001271e2028, RDX=0x0000000000001000
RSP=0x000000010701b660, RBP=0x000000010701b670, RSI=0x000000010701b640, RDI=0x0000000000000907
R8 =0x000000010701b740, R9 =0x000000010701b7c0, R10=0x0000000000000001, R11=0x0000000000000206
R12=0x00007fff6d2d5510, R13=0x00000001068865a0, R14=0x00007fff6d2c5e80, R15=0x00007fff6d2d5510
RIP=0x00007fff6d2bf7d1, EFLAGS=0x0000000000010246, ERR=0x0000000000000006
  TRAPNO=0x000000000000000e

Top of Stack: (sp=0x000000010701b660)
0x000000010701b660:   000000010701b6f0 00000001271e2000
0x000000010701b670:   000000010701b770 00007fff6d29e607
0x000000010701b680:   00007fe2bc00b000 00007fe2bb51d830
0x000000010701b690:   00007fe2bb521050 9f00ac10fd95bc14
0x000000010701b6a0:   000000010701b740 000000010701b7c0
0x000000010701b6b0:   9f00ac10fffffffe 00000001206b5d58
0x000000010701b6c0:   00000001206b5d58 00000001206b5d58
0x000000010701b6d0:   00000007c009f8b0 000000010701b9b8
0x000000010701b6e0:   00007fe2bc00b000 000000010701b7b0
0x000000010701b6f0:   000000010701b770 00000001063a0ae9
0x000000010701b700:   00007fe2fffffffe 00007fe2bc00b000
0x000000010701b710:   000000010701b770 00000001206b5d58
0x000000010701b720:   00007fe2bc00b000 00000001206b5d58
0x000000010701b730:   000000010701b770 00007fff6d2ab410
0x000000010701b740:   000000010701b448 9f00ac10fd95bc14
0x000000010701b750:   9f00ac10fd95bc14 000000010701b780
0x000000010701b760:   00007fe2bb521050 00007fe2bb51d830
0x000000010701b770:   000000010701b7f0 00007fff6d2a96d1
0x000000010701b780:   75735f6176614a5f 6d695f7477615f6e
0x000000010701b790:   657479425f656761 6e656e6f706d6f43
0x000000010701b7a0:   5f72657473615274 0073444974696e69
0x000000010701b7b0:   00007fff74a4d110 0000000000000000
0x000000010701b7c0:   00007fe2bb51d830 9f00ac10fd95bc14
0x000000010701b7d0:   00007fe2bb51d830 0000000000000004
0x000000010701b7e0:   00007fe2bb521050 00000001068865a0
0x000000010701b7f0:   000000010701b820 00007fff8b5dc8f5
0x000000010701b800:   0000000000000003 0000000106886588
0x000000010701b810:   00007fe2bb521050 0000000000000000
0x000000010701b820:   000000010701b8d0 000000010643c08f
0x000000010701b830:   000000010701b878 000000010701b918
0x000000010701b840:   000000010701bad7 00000002064615cf
0x000000010701b850:   00000001206b5d58 000000010701b878 

Instructions: (pc=0x00007fff6d2bf7d1)
0x00007fff6d2bf7b1:   f8 ba 00 10 00 00 b9 01 00 00 00 e8 ce 43 00 00
0x00007fff6d2bf7c1:   89 c1 31 c0 85 c9 75 35 48 8b 45 f8 48 8d 48 28
0x00007fff6d2bf7d1:   48 89 08 48 8b 45 f8 48 89 48 08 48 8b 45 f8 48
0x00007fff6d2bf7e1:   8d 88 ff 0f 00 00 48 89 48 10 48 8b 45 f8 48 8d 

Register to memory mapping:

RAX=0x00000001271e2000 is an unknown value
RBX=0x000000010701b780 is pointing into the stack for thread: 0x00007fe2bc00b000
RCX=0x00000001271e2028 is an unknown value
RDX=0x0000000000001000 is an unknown value
RSP=0x000000010701b660 is pointing into the stack for thread: 0x00007fe2bc00b000
RBP=0x000000010701b670 is pointing into the stack for thread: 0x00007fe2bc00b000
RSI=0x000000010701b640 is pointing into the stack for thread: 0x00007fe2bc00b000
RDI=0x0000000000000907 is an unknown value
R8 =0x000000010701b740 is pointing into the stack for thread: 0x00007fe2bc00b000
R9 =0x000000010701b7c0 is pointing into the stack for thread: 0x00007fe2bc00b000
R10=0x0000000000000001 is an unknown value
R11=0x0000000000000206 is an unknown value
R12=0x00007fff6d2d5510 is an unknown value
R13=0x00000001068865a0: _ZTV7nmethod+0x10 in /Library/Java/JavaVirtualMachines/jdk1.8.0_25.jdk/Contents/Home/jre/lib/server/libjvm.dylib at 0x0000000106000000
R14=0x00007fff6d2c5e80 is an unknown value
R15=0x00007fff6d2d5510 is an unknown value


Stack: [0x0000000106f1d000,0x000000010701d000],  sp=0x000000010701b660,  free space=1017k
Native frames: (J=compiled Java code, j=interpreted, Vv=VM code, C=native code)
C  0x00007fff6d2bf7d1
C  0x00007fff6d29e607
C  0x00007fff6d2a96d1
C  [libdyld.dylib+0x28f5]  dlsym+0x48
V  [libjvm.dylib+0x43c08f]
V  [libjvm.dylib+0x43c973]
V  [libjvm.dylib+0x43cf0f]
V  [libjvm.dylib+0x43d0a5]
V  [libjvm.dylib+0x2cd227]
j  sun.awt.image.ByteComponentRaster.initIDs()V+0
j  sun.awt.image.ByteComponentRaster.<clinit>()V+3
v  ~StubRoutines::call_stub
V  [libjvm.dylib+0x2d4516]
V  [libjvm.dylib+0x2a9387]
V  [libjvm.dylib+0x2aa869]
V  [libjvm.dylib+0x2aaaeb]
V  [libjvm.dylib+0x2aa591]
V  [libjvm.dylib+0x2aaaeb]
V  [libjvm.dylib+0x2cff0c]
j  java.awt.image.Raster.createWritableRaster(Ljava/awt/image/SampleModel;Ljava/awt/image/DataBuffer;Ljava/awt/Point;)Ljava/awt/image/WritableRaster;+72
j  java.awt.image.Raster.createWritableRaster(Ljava/awt/image/SampleModel;Ljava/awt/Point;)Ljava/awt/image/WritableRaster;+20
j  javax.imageio.ImageTypeSpecifier.createBufferedImage(II)Ljava/awt/image/BufferedImage;+17
j  javax.imageio.ImageReader.getDestination(Ljavax/imageio/ImageReadParam;Ljava/util/Iterator;II)Ljava/awt/image/BufferedImage;+242
j  com.sun.imageio.plugins.jpeg.JPEGImageReader.readInternal(ILjavax/imageio/ImageReadParam;Z)Ljava/awt/image/Raster;+55
j  com.sun.imageio.plugins.jpeg.JPEGImageReader.read(ILjavax/imageio/ImageReadParam;)Ljava/awt/image/BufferedImage;+15
j  javax.imageio.ImageIO.read(Ljavax/imageio/stream/ImageInputStream;)Ljava/awt/image/BufferedImage;+55
j  javax.imageio.ImageIO.read(Ljava/net/URL;)Ljava/awt/image/BufferedImage;+42
j  ch.aiko.util.ImageUtil.loadImageInClassPath(Ljava/lang/String;)Ljava/awt/image/BufferedImage;+8
j  ch.aiko.pokemon.sprite.SpriteSheet.<init>(Ljava/lang/String;II)V+5
j  ch.aiko.pokemon.Pokemon.<clinit>()V+10
v  ~StubRoutines::call_stub
V  [libjvm.dylib+0x2d4516]
V  [libjvm.dylib+0x2a9387]
V  [libjvm.dylib+0x2aa869]
V  [libjvm.dylib+0x2aaaeb]
V  [libjvm.dylib+0x309ab7]
V  [libjvm.dylib+0x2fffbe]
C  [java+0x2c18]  JavaMain+0x92e
C  [libsystem_pthread.dylib+0x3268]  _pthread_body+0x83
C  [libsystem_pthread.dylib+0x31e5]  _pthread_body+0x0
C  [libsystem_pthread.dylib+0x141d]  thread_start+0xd
C  0x0000000000000000

Java frames: (J=compiled Java code, j=interpreted, Vv=VM code)
j  sun.awt.image.ByteComponentRaster.initIDs()V+0
j  sun.awt.image.ByteComponentRaster.<clinit>()V+3
v  ~StubRoutines::call_stub
j  java.awt.image.Raster.createWritableRaster(Ljava/awt/image/SampleModel;Ljava/awt/image/DataBuffer;Ljava/awt/Point;)Ljava/awt/image/WritableRaster;+72
j  java.awt.image.Raster.createWritableRaster(Ljava/awt/image/SampleModel;Ljava/awt/Point;)Ljava/awt/image/WritableRaster;+20
j  javax.imageio.ImageTypeSpecifier.createBufferedImage(II)Ljava/awt/image/BufferedImage;+17
j  javax.imageio.ImageReader.getDestination(Ljavax/imageio/ImageReadParam;Ljava/util/Iterator;II)Ljava/awt/image/BufferedImage;+242
j  com.sun.imageio.plugins.jpeg.JPEGImageReader.readInternal(ILjavax/imageio/ImageReadParam;Z)Ljava/awt/image/Raster;+55
j  com.sun.imageio.plugins.jpeg.JPEGImageReader.read(ILjavax/imageio/ImageReadParam;)Ljava/awt/image/BufferedImage;+15
j  javax.imageio.ImageIO.read(Ljavax/imageio/stream/ImageInputStream;)Ljava/awt/image/BufferedImage;+55
j  javax.imageio.ImageIO.read(Ljava/net/URL;)Ljava/awt/image/BufferedImage;+42
j  ch.aiko.util.ImageUtil.loadImageInClassPath(Ljava/lang/String;)Ljava/awt/image/BufferedImage;+8
j  ch.aiko.pokemon.sprite.SpriteSheet.<init>(Ljava/lang/String;II)V+5
j  ch.aiko.pokemon.Pokemon.<clinit>()V+10
v  ~StubRoutines::call_stub

---------------  P R O C E S S  ---------------

Java Threads: ( => current thread )
  0x00007fe2be1e1000 JavaThread "Java2D Disposer" daemon [_thread_blocked, id=46867, stack(0x000000012916b000,0x000000012926b000)]
  0x00007fe2bb842800 JavaThread "AWT-Shutdown" [_thread_blocked, id=31495, stack(0x00000001264e2000,0x00000001265e2000)]
  0x00007fe2be86c000 JavaThread "AWT-AppKit" daemon [_thread_in_native, id=1811, stack(0x00007fff5a51f000,0x00007fff5ad1f000)]
  0x00007fe2bb80d000 JavaThread "Service Thread" daemon [_thread_blocked, id=20739, stack(0x0000000124995000,0x0000000124a95000)]
  0x00007fe2bb81b000 JavaThread "C1 CompilerThread3" daemon [_thread_blocked, id=20227, stack(0x0000000124892000,0x0000000124992000)]
  0x00007fe2bf80b000 JavaThread "C2 CompilerThread2" daemon [_thread_blocked, id=19715, stack(0x000000012478f000,0x000000012488f000)]
  0x00007fe2be80c000 JavaThread "C2 CompilerThread1" daemon [_thread_blocked, id=19203, stack(0x000000012468c000,0x000000012478c000)]
  0x00007fe2be806000 JavaThread "C2 CompilerThread0" daemon [_thread_blocked, id=18691, stack(0x0000000124589000,0x0000000124689000)]
  0x00007fe2be805000 JavaThread "Signal Dispatcher" daemon [_thread_blocked, id=15383, stack(0x0000000124486000,0x0000000124586000)]
  0x00007fe2be803000 JavaThread "Finalizer" daemon [_thread_blocked, id=13571, stack(0x0000000122b3c000,0x0000000122c3c000)]
  0x00007fe2be802000 JavaThread "Reference Handler" daemon [_thread_blocked, id=13059, stack(0x0000000122a39000,0x0000000122b39000)]
=>0x00007fe2bc00b000 JavaThread "main" [_thread_in_vm, id=4867, stack(0x0000000106f1d000,0x000000010701d000)]

Other Threads:
  0x00007fe2be04a800 VMThread [stack: 0x0000000122936000,0x0000000122a36000] [id=12547]
  0x00007fe2bb81c000 WatcherThread [stack: 0x0000000124a98000,0x0000000124b98000] [id=21251]

VM state:not at safepoint (normal execution)

VM Mutex/Monitor currently owned by a thread: None

Heap:
 PSYoungGen      total 76288K, used 8058K [0x000000076ab00000, 0x0000000770000000, 0x00000007c0000000)
  eden space 65536K, 12% used [0x000000076ab00000,0x000000076b2de978,0x000000076eb00000)
  from space 10752K, 0% used [0x000000076f580000,0x000000076f580000,0x0000000770000000)
  to   space 10752K, 0% used [0x000000076eb00000,0x000000076eb00000,0x000000076f580000)
 ParOldGen       total 175104K, used 0K [0x00000006c0000000, 0x00000006cab00000, 0x000000076ab00000)
  object space 175104K, 0% used [0x00000006c0000000,0x00000006c0000000,0x00000006cab00000)
 Metaspace       used 5488K, capacity 5640K, committed 5888K, reserved 1056768K
  class space    used 630K, capacity 658K, committed 768K, reserved 1048576K

Card table byte_map: [0x000000011642a000,0x0000000116c2b000] byte_map_base: 0x0000000112e2a000

Marking Bits: (ParMarkBitMap*) 0x000000010689d390
 Begin Bits: [0x0000000117999000, 0x000000011b999000)
 End Bits:   [0x000000011b999000, 0x000000011f999000)

Polling page: 0x0000000104ff6000

CodeCache: size=245760Kb used=1530Kb max_used=1530Kb free=244229Kb
 bounds [0x000000010706a000, 0x00000001072da000, 0x000000011606a000]
 total_blobs=544 nmethods=224 adapters=235
 compilation: enabled

Compilation events (10 events):
Event: 0.278 Thread 0x00007fe2bb81b000  214       3       jdk.internal.org.objectweb.asm.Item::isEqualTo (354 bytes)
Event: 0.278 Thread 0x00007fe2bb81b000 nmethod 214 0x00000001071e36d0 code [0x00000001071e3900, 0x00000001071e4608]
Event: 0.278 Thread 0x00007fe2bb81b000  215       3       jdk.internal.org.objectweb.asm.Frame::push (110 bytes)
Event: 0.278 Thread 0x00007fe2bb81b000 nmethod 215 0x00000001071e49d0 code [0x00000001071e4b60, 0x00000001071e5088]
Event: 0.278 Thread 0x00007fe2bb81b000  213       3       jdk.internal.org.objectweb.asm.ClassWriter::addType (39 bytes)
Event: 0.279 Thread 0x00007fe2bb81b000 nmethod 213 0x00000001071e5250 code [0x00000001071e53e0, 0x00000001071e56e8]
Event: 0.279 Thread 0x00007fe2bb81b000  223       3       java.lang.invoke.LambdaForm::typeClass (131 bytes)
Event: 0.279 Thread 0x00007fe2bb81b000 nmethod 223 0x00000001071e5810 code [0x00000001071e5980, 0x00000001071e5b90]
Event: 0.279 Thread 0x00007fe2bb81b000  224       1       java.lang.invoke.MethodTypeForm::erasedType (5 bytes)
Event: 0.279 Thread 0x00007fe2bb81b000 nmethod 224 0x00000001071e5c10 code [0x00000001071e5d60, 0x00000001071e5e70]

GC Heap History (0 events):
No events

Deoptimization events (0 events):
No events

Internal exceptions (10 events):
Event: 0.090 Thread 0x00007fe2bc00b000 Exception <a 'java/security/PrivilegedActionException'> (0x000000076ac1b868) thrown at [/HUDSON3/workspace/8-2-build-macosx-x86_64/jdk8u25/1514/hotspot/src/share/vm/prims/jvm.cpp, line 1312]
Event: 0.090 Thread 0x00007fe2bc00b000 Exception <a 'java/security/PrivilegedActionException'> (0x000000076ac1ba20) thrown at [/HUDSON3/workspace/8-2-build-macosx-x86_64/jdk8u25/1514/hotspot/src/share/vm/prims/jvm.cpp, line 1312]
Event: 0.091 Thread 0x00007fe2bc00b000 Exception <a 'java/security/PrivilegedActionException'> (0x000000076ac1ec10) thrown at [/HUDSON3/workspace/8-2-build-macosx-x86_64/jdk8u25/1514/hotspot/src/share/vm/prims/jvm.cpp, line 1312]
Event: 0.091 Thread 0x00007fe2bc00b000 Exception <a 'java/security/PrivilegedActionException'> (0x000000076ac1edc8) thrown at [/HUDSON3/workspace/8-2-build-macosx-x86_64/jdk8u25/1514/hotspot/src/share/vm/prims/jvm.cpp, line 1312]
Event: 0.211 Thread 0x00007fe2bc00b000 Exception <a 'java/io/FileNotFoundException'> (0x000000076ac2a198) thrown at [/HUDSON3/workspace/8-2-build-macosx-x86_64/jdk8u25/1514/hotspot/src/share/vm/prims/jni.cpp, line 716]
Event: 0.211 Thread 0x00007fe2bc00b000 Exception <a 'java/io/FileNotFoundException'> (0x000000076ac2acb8) thrown at [/HUDSON3/workspace/8-2-build-macosx-x86_64/jdk8u25/1514/hotspot/src/share/vm/prims/jni.cpp, line 716]
Event: 0.252 Thread 0x00007fe2bc00b000 Exception <a 'java/lang/ClassNotFoundException': java/lang/Null> (0x000000076b080e08) thrown at [/HUDSON3/workspace/8-2-build-macosx-x86_64/jdk8u25/1514/hotspot/src/share/vm/classfile/systemDictionary.cpp, line 202]
Event: 0.265 Thread 0x00007fe2bc00b000 Exception <a 'java/lang/NoSuchFieldError': method resolution failed> (0x000000076b0e43c0) thrown at [/HUDSON3/workspace/8-2-build-macosx-x86_64/jdk8u25/1514/hotspot/src/share/vm/prims/methodHandles.cpp, line 1159]
Event: 0.267 Thread 0x00007fe2bc00b000 Exception <a 'java/lang/NoSuchFieldError': method resolution failed> (0x000000076b0f2f88) thrown at [/HUDSON3/workspace/8-2-build-macosx-x86_64/jdk8u25/1514/hotspot/src/share/vm/prims/methodHandles.cpp, line 1159]
Event: 0.268 Thread 0x00007fe2bc00b000 Exception <a 'java/lang/NoSuchFieldError': method resolution failed> (0x000000076b0f60e8) thrown at [/HUDSON3/workspace/8-2-build-macosx-x86_64/jdk8u25/1514/hotspot/src/share/vm/prims/methodHandles.cpp, line 1159]

Events (10 events):
Event: 0.289 loading class sun/java2d/StateTrackableDelegate$2
Event: 0.289 loading class sun/java2d/StateTrackableDelegate$2 done
Event: 0.290 loading class sun/awt/image/ByteInterleavedRaster
Event: 0.290 loading class sun/awt/image/ByteComponentRaster
Event: 0.290 loading class sun/awt/image/ByteComponentRaster done
Event: 0.290 loading class sun/awt/image/ByteInterleavedRaster done
Event: 0.290 loading class sun/awt/image/NativeLibLoader
Event: 0.290 loading class sun/awt/image/NativeLibLoader done
Event: 0.291 loading class sun/awt/image/NativeLibLoader$1
Event: 0.291 loading class sun/awt/image/NativeLibLoader$1 done


Dynamic libraries:
0x000000000366c000 	/System/Library/Frameworks/Cocoa.framework/Versions/A/Cocoa
0x000000000366c000 	/System/Library/Frameworks/Security.framework/Versions/A/Security
0x000000000366c000 	/System/Library/Frameworks/ApplicationServices.framework/Versions/A/ApplicationServices
0x000000000366c000 	/usr/lib/libz.1.dylib
0x000000000366c000 	/usr/lib/libSystem.B.dylib
0x000000000366c000 	/usr/lib/libobjc.A.dylib
0x000000000366c000 	/System/Library/Frameworks/CoreFoundation.framework/Versions/A/CoreFoundation
0x000000000366c000 	/System/Library/Frameworks/Foundation.framework/Versions/C/Foundation
0x000000000366c000 	/System/Library/Frameworks/AppKit.framework/Versions/C/AppKit
0x000000000366c000 	/System/Library/Frameworks/CoreData.framework/Versions/A/CoreData
0x000000000366c000 	/System/Library/PrivateFrameworks/RemoteViewServices.framework/Versions/A/RemoteViewServices
0x000000000366c000 	/System/Library/PrivateFrameworks/UIFoundation.framework/Versions/A/UIFoundation
0x000000000366c000 	/System/Library/Frameworks/IOSurface.framework/Versions/A/IOSurface
0x000000000366c000 	/System/Library/Frameworks/AudioToolbox.framework/Versions/A/AudioToolbox
0x000000000366c000 	/System/Library/Frameworks/AudioUnit.framework/Versions/A/AudioUnit
0x000000000366c000 	/System/Library/PrivateFrameworks/DataDetectorsCore.framework/Versions/A/DataDetectorsCore
0x000000000366c000 	/System/Library/PrivateFrameworks/DesktopServicesPriv.framework/Versions/A/DesktopServicesPriv
0x000000000366c000 	/System/Library/Frameworks/Carbon.framework/Versions/A/Frameworks/HIToolbox.framework/Versions/A/HIToolbox
0x000000000366c000 	/System/Library/Frameworks/QuartzCore.framework/Versions/A/QuartzCore
0x000000000366c000 	/System/Library/Frameworks/Carbon.framework/Versions/A/Frameworks/SpeechRecognition.framework/Versions/A/SpeechRecognition
0x000000000366c000 	/usr/lib/libauto.dylib
0x000000000366c000 	/usr/lib/libicucore.A.dylib
0x000000000366c000 	/usr/lib/libxml2.2.dylib
0x000000000366c000 	/System/Library/PrivateFrameworks/CoreUI.framework/Versions/A/CoreUI
0x000000000366c000 	/System/Library/Frameworks/CoreAudio.framework/Versions/A/CoreAudio
0x000000000366c000 	/System/Library/Frameworks/DiskArbitration.framework/Versions/A/DiskArbitration
0x000000000366c000 	/usr/lib/liblangid.dylib
0x000000000366c000 	/System/Library/PrivateFrameworks/MultitouchSupport.framework/Versions/A/MultitouchSupport
0x000000000366c000 	/System/Library/Frameworks/IOKit.framework/Versions/A/IOKit
0x000000000366c000 	/usr/lib/libDiagnosticMessagesClient.dylib
0x000000000366c000 	/System/Library/Frameworks/CoreServices.framework/Versions/A/CoreServices
0x000000000366c000 	/System/Library/PrivateFrameworks/PerformanceAnalysis.framework/Versions/A/PerformanceAnalysis
0x000000000366c000 	/System/Library/PrivateFrameworks/GenerationalStorage.framework/Versions/A/GenerationalStorage
0x000000000366c000 	/System/Library/Frameworks/OpenGL.framework/Versions/A/OpenGL
0x000000000366c000 	/System/Library/PrivateFrameworks/Sharing.framework/Versions/A/Sharing
0x000000000366c000 	/System/Library/Frameworks/CoreGraphics.framework/Versions/A/CoreGraphics
0x000000000366c000 	/System/Library/Frameworks/CoreText.framework/Versions/A/CoreText
0x000000000366c000 	/System/Library/Frameworks/ImageIO.framework/Versions/A/ImageIO
0x000000000366c000 	/usr/lib/libextension.dylib
0x000000000366c000 	/System/Library/PrivateFrameworks/Backup.framework/Versions/A/Backup
0x000000000366c000 	/usr/lib/libarchive.2.dylib
0x000000000366c000 	/System/Library/Frameworks/CFNetwork.framework/Versions/A/CFNetwork
0x000000000366c000 	/System/Library/Frameworks/SystemConfiguration.framework/Versions/A/SystemConfiguration
0x000000000366c000 	/usr/lib/libCRFSuite.dylib
0x000000000366c000 	/usr/lib/libc++.1.dylib
0x000000000366c000 	/usr/lib/libc++abi.dylib
0x000000000366c000 	/usr/lib/system/libcache.dylib
0x000000000366c000 	/usr/lib/system/libcommonCrypto.dylib
0x000000000366c000 	/usr/lib/system/libcompiler_rt.dylib
0x000000000366c000 	/usr/lib/system/libcopyfile.dylib
0x000000000366c000 	/usr/lib/system/libcorecrypto.dylib
0x000000000366c000 	/usr/lib/system/libdispatch.dylib
0x000000000366c000 	/usr/lib/system/libdyld.dylib
0x000000000366c000 	/usr/lib/system/libkeymgr.dylib
0x000000000366c000 	/usr/lib/system/liblaunch.dylib
0x000000000366c000 	/usr/lib/system/libmacho.dylib
0x000000000366c000 	/usr/lib/system/libquarantine.dylib
0x000000000366c000 	/usr/lib/system/libremovefile.dylib
0x000000000366c000 	/usr/lib/system/libsystem_asl.dylib
0x000000000366c000 	/usr/lib/system/libsystem_blocks.dylib
0x000000000366c000 	/usr/lib/system/libsystem_c.dylib
0x000000000366c000 	/usr/lib/system/libsystem_configuration.dylib
0x000000000366c000 	/usr/lib/system/libsystem_coreservices.dylib
0x000000000366c000 	/usr/lib/system/libsystem_coretls.dylib
0x000000000366c000 	/usr/lib/system/libsystem_dnssd.dylib
0x000000000366c000 	/usr/lib/system/libsystem_info.dylib
0x000000000366c000 	/usr/lib/system/libsystem_kernel.dylib
0x000000000366c000 	/usr/lib/system/libsystem_m.dylib
0x000000000366c000 	/usr/lib/system/libsystem_malloc.dylib
0x000000000366c000 	/usr/lib/system/libsystem_network.dylib
0x000000000366c000 	/usr/lib/system/libsystem_networkextension.dylib
0x000000000366c000 	/usr/lib/system/libsystem_notify.dylib
0x000000000366c000 	/usr/lib/system/libsystem_platform.dylib
0x000000000366c000 	/usr/lib/system/libsystem_pthread.dylib
0x000000000366c000 	/usr/lib/system/libsystem_sandbox.dylib
0x000000000366c000 	/usr/lib/system/libsystem_secinit.dylib
0x000000000366c000 	/usr/lib/system/libsystem_stats.dylib
0x000000000366c000 	/usr/lib/system/libsystem_trace.dylib
0x000000000366c000 	/usr/lib/system/libunc.dylib
0x000000000366c000 	/usr/lib/system/libunwind.dylib
0x000000000366c000 	/usr/lib/system/libxpc.dylib
0x000000000366c000 	/usr/lib/libbz2.1.0.dylib
0x000000000366c000 	/usr/lib/liblzma.5.dylib
0x000000000366c000 	/usr/lib/libbsm.0.dylib
0x000000000366c000 	/usr/lib/libsqlite3.dylib
0x000000000366c000 	/usr/lib/system/libkxld.dylib
0x000000000366c000 	/usr/lib/libxar.1.dylib
0x000000000366c000 	/usr/lib/libpam.2.dylib
0x000000000366c000 	/usr/lib/libOpenScriptingUtil.dylib
0x000000000366c000 	/System/Library/Frameworks/CoreServices.framework/Versions/A/Frameworks/FSEvents.framework/Versions/A/FSEvents
0x000000000366c000 	/System/Library/Frameworks/CoreServices.framework/Versions/A/Frameworks/CarbonCore.framework/Versions/A/CarbonCore
0x000000000366c000 	/System/Library/Frameworks/CoreServices.framework/Versions/A/Frameworks/Metadata.framework/Versions/A/Metadata
0x000000000366c000 	/System/Library/Frameworks/CoreServices.framework/Versions/A/Frameworks/OSServices.framework/Versions/A/OSServices
0x000000000366c000 	/System/Library/Frameworks/CoreServices.framework/Versions/A/Frameworks/SearchKit.framework/Versions/A/SearchKit
0x000000000366c000 	/System/Library/Frameworks/CoreServices.framework/Versions/A/Frameworks/AE.framework/Versions/A/AE
0x000000000366c000 	/System/Library/Frameworks/CoreServices.framework/Versions/A/Frameworks/LaunchServices.framework/Versions/A/LaunchServices
0x000000000366c000 	/System/Library/Frameworks/CoreServices.framework/Versions/A/Frameworks/DictionaryServices.framework/Versions/A/DictionaryServices
0x000000000366c000 	/System/Library/Frameworks/NetFS.framework/Versions/A/NetFS
0x000000000366c000 	/System/Library/PrivateFrameworks/NetAuth.framework/Versions/A/NetAuth
0x000000000366c000 	/System/Library/PrivateFrameworks/login.framework/Versions/A/Frameworks/loginsupport.framework/Versions/A/loginsupport
0x000000000366c000 	/System/Library/PrivateFrameworks/TCC.framework/Versions/A/TCC
0x000000000366c000 	/usr/lib/libmecabra.dylib
0x000000000366c000 	/System/Library/Frameworks/ApplicationServices.framework/Versions/A/Frameworks/ATS.framework/Versions/A/ATS
0x000000000366c000 	/System/Library/Frameworks/ApplicationServices.framework/Versions/A/Frameworks/ColorSync.framework/Versions/A/ColorSync
0x000000000366c000 	/System/Library/Frameworks/ApplicationServices.framework/Versions/A/Frameworks/HIServices.framework/Versions/A/HIServices
0x000000000366c000 	/System/Library/Frameworks/ApplicationServices.framework/Versions/A/Frameworks/LangAnalysis.framework/Versions/A/LangAnalysis
0x000000000366c000 	/System/Library/Frameworks/ApplicationServices.framework/Versions/A/Frameworks/PrintCore.framework/Versions/A/PrintCore
0x000000000366c000 	/System/Library/Frameworks/ApplicationServices.framework/Versions/A/Frameworks/QD.framework/Versions/A/QD
0x000000000366c000 	/System/Library/Frameworks/ApplicationServices.framework/Versions/A/Frameworks/SpeechSynthesis.framework/Versions/A/SpeechSynthesis
0x000000000366c000 	/System/Library/Frameworks/Accelerate.framework/Versions/A/Accelerate
0x000000000366c000 	/System/Library/Frameworks/Accelerate.framework/Versions/A/Frameworks/vImage.framework/Versions/A/vImage
0x000000000366c000 	/System/Library/Frameworks/Accelerate.framework/Versions/A/Frameworks/vecLib.framework/Versions/A/vecLib
0x000000000366c000 	/System/Library/Frameworks/Accelerate.framework/Versions/A/Frameworks/vecLib.framework/Versions/A/libvDSP.dylib
0x000000000366c000 	/System/Library/Frameworks/Accelerate.framework/Versions/A/Frameworks/vecLib.framework/Versions/A/libvMisc.dylib
0x000000000366c000 	/System/Library/Frameworks/Accelerate.framework/Versions/A/Frameworks/vecLib.framework/Versions/A/libLAPACK.dylib
0x000000000366c000 	/System/Library/Frameworks/Accelerate.framework/Versions/A/Frameworks/vecLib.framework/Versions/A/libBLAS.dylib
0x000000000366c000 	/System/Library/Frameworks/Accelerate.framework/Versions/A/Frameworks/vecLib.framework/Versions/A/libLinearAlgebra.dylib
0x000000000366c000 	/System/Library/Frameworks/ApplicationServices.framework/Versions/A/Frameworks/ATS.framework/Versions/A/Resources/libFontParser.dylib
0x000000000366c000 	/System/Library/Frameworks/ApplicationServices.framework/Versions/A/Frameworks/ATS.framework/Versions/A/Resources/libFontRegistry.dylib
0x000000000366c000 	/System/Library/PrivateFrameworks/AppleVPA.framework/Versions/A/AppleVPA
0x000000000366c000 	/System/Library/PrivateFrameworks/AppleJPEG.framework/Versions/A/AppleJPEG
0x000000000366c000 	/System/Library/Frameworks/ImageIO.framework/Versions/A/Resources/libJPEG.dylib
0x000000000366c000 	/System/Library/Frameworks/ImageIO.framework/Versions/A/Resources/libTIFF.dylib
0x000000000366c000 	/System/Library/Frameworks/ImageIO.framework/Versions/A/Resources/libPng.dylib
0x000000000366c000 	/System/Library/Frameworks/ImageIO.framework/Versions/A/Resources/libGIF.dylib
0x000000000366c000 	/System/Library/Frameworks/ImageIO.framework/Versions/A/Resources/libJP2.dylib
0x000000000366c000 	/System/Library/Frameworks/ImageIO.framework/Versions/A/Resources/libRadiance.dylib
0x000000000366c000 	/System/Library/Frameworks/CoreVideo.framework/Versions/A/CoreVideo
0x000000000366c000 	/System/Library/Frameworks/OpenGL.framework/Versions/A/Libraries/libGLU.dylib
0x000000000366c000 	/System/Library/Frameworks/OpenGL.framework/Versions/A/Libraries/libGFXShared.dylib
0x000000000366c000 	/System/Library/Frameworks/OpenGL.framework/Versions/A/Libraries/libGL.dylib
0x000000000366c000 	/System/Library/Frameworks/OpenGL.framework/Versions/A/Libraries/libGLImage.dylib
0x000000000366c000 	/System/Library/Frameworks/OpenGL.framework/Versions/A/Libraries/libCVMSPluginSupport.dylib
0x000000000366c000 	/System/Library/Frameworks/OpenGL.framework/Versions/A/Libraries/libCoreVMClient.dylib
0x000000000366c000 	/usr/lib/libcups.2.dylib
0x000000000366c000 	/System/Library/Frameworks/Kerberos.framework/Versions/A/Kerberos
0x000000000366c000 	/System/Library/Frameworks/GSS.framework/Versions/A/GSS
0x000000000366c000 	/usr/lib/libresolv.9.dylib
0x000000000366c000 	/usr/lib/libiconv.2.dylib
0x000000000366c000 	/System/Library/PrivateFrameworks/Heimdal.framework/Versions/A/Heimdal
0x000000000366c000 	/usr/lib/libheimdal-asn1.dylib
0x000000000366c000 	/System/Library/Frameworks/OpenDirectory.framework/Versions/A/OpenDirectory
0x000000000366c000 	/System/Library/PrivateFrameworks/CommonAuth.framework/Versions/A/CommonAuth
0x000000000366c000 	/System/Library/Frameworks/OpenDirectory.framework/Versions/A/Frameworks/CFOpenDirectory.framework/Versions/A/CFOpenDirectory
0x000000000366c000 	/System/Library/Frameworks/SecurityFoundation.framework/Versions/A/SecurityFoundation
0x000000000366c000 	/System/Library/PrivateFrameworks/LanguageModeling.framework/Versions/A/LanguageModeling
0x000000000366c000 	/usr/lib/libcmph.dylib
0x000000000366c000 	/System/Library/Frameworks/ServiceManagement.framework/Versions/A/ServiceManagement
0x000000000366c000 	/usr/lib/libxslt.1.dylib
0x000000000366c000 	/System/Library/Frameworks/Carbon.framework/Versions/A/Frameworks/Ink.framework/Versions/A/Ink
0x000000000366c000 	/System/Library/Frameworks/QuartzCore.framework/Versions/A/Frameworks/CoreImage.framework/Versions/A/CoreImage
0x000000000366c000 	/System/Library/PrivateFrameworks/CrashReporterSupport.framework/Versions/A/CrashReporterSupport
0x000000000366c000 	/System/Library/Frameworks/OpenCL.framework/Versions/A/OpenCL
0x000000000366c000 	/System/Library/PrivateFrameworks/FaceCore.framework/Versions/A/FaceCore
0x000000000366c000 	/System/Library/PrivateFrameworks/Ubiquity.framework/Versions/A/Ubiquity
0x000000000366c000 	/System/Library/PrivateFrameworks/IconServices.framework/Versions/A/IconServices
0x000000000366c000 	/System/Library/PrivateFrameworks/ChunkingLibrary.framework/Versions/A/ChunkingLibrary
0x000000000366c000 	/System/Library/PrivateFrameworks/Apple80211.framework/Versions/A/Apple80211
0x000000000366c000 	/System/Library/Frameworks/CoreWLAN.framework/Versions/A/CoreWLAN
0x000000000366c000 	/System/Library/Frameworks/IOBluetooth.framework/Versions/A/IOBluetooth
0x000000000366c000 	/System/Library/PrivateFrameworks/CoreWiFi.framework/Versions/A/CoreWiFi
0x000000000366c000 	/System/Library/Frameworks/CoreBluetooth.framework/Versions/A/CoreBluetooth
0x000000000366c000 	/System/Library/PrivateFrameworks/DebugSymbols.framework/Versions/A/DebugSymbols
0x000000000366c000 	/System/Library/PrivateFrameworks/CoreSymbolication.framework/Versions/A/CoreSymbolication
0x000000000366c000 	/System/Library/PrivateFrameworks/Symbolication.framework/Versions/A/Symbolication
0x000000000366c000 	/System/Library/PrivateFrameworks/SpeechRecognitionCore.framework/Versions/A/SpeechRecognitionCore
0x0000000106000000 	/Library/Java/JavaVirtualMachines/jdk1.8.0_25.jdk/Contents/Home/jre/lib/server/libjvm.dylib
0x000000000366c000 	/usr/lib/libstdc++.6.dylib
0x000000010701f000 	/Library/Java/JavaVirtualMachines/jdk1.8.0_25.jdk/Contents/Home/jre/lib/libverify.dylib
0x000000010702d000 	/Library/Java/JavaVirtualMachines/jdk1.8.0_25.jdk/Contents/Home/jre/lib/libjava.dylib
0x0000000107061000 	/Library/Java/JavaVirtualMachines/jdk1.8.0_25.jdk/Contents/Home/jre/lib/libzip.dylib
0x0000000122c3e000 	/System/Library/Frameworks/JavaVM.framework/Frameworks/JavaRuntimeSupport.framework/JavaRuntimeSupport
0x0000000122c56000 	/System/Library/Frameworks/JavaVM.framework/Versions/A/Frameworks/JavaNativeFoundation.framework/Versions/A/JavaNativeFoundation
0x0000000122c6b000 	/System/Library/Frameworks/JavaVM.framework/Versions/A/JavaVM
0x000000000366c000 	/System/Library/Frameworks/Carbon.framework/Versions/A/Carbon
0x0000000122c78000 	/System/Library/PrivateFrameworks/JavaLaunching.framework/Versions/A/JavaLaunching
0x000000000366c000 	/System/Library/Frameworks/Carbon.framework/Versions/A/Frameworks/CommonPanels.framework/Versions/A/CommonPanels
0x000000000366c000 	/System/Library/Frameworks/Carbon.framework/Versions/A/Frameworks/Help.framework/Versions/A/Help
0x000000000366c000 	/System/Library/Frameworks/Carbon.framework/Versions/A/Frameworks/ImageCapture.framework/Versions/A/ImageCapture
0x000000000366c000 	/System/Library/Frameworks/Carbon.framework/Versions/A/Frameworks/OpenScripting.framework/Versions/A/OpenScripting
0x000000000366c000 	/System/Library/Frameworks/Carbon.framework/Versions/A/Frameworks/Print.framework/Versions/A/Print
0x000000000366c000 	/System/Library/Frameworks/Carbon.framework/Versions/A/Frameworks/SecurityHI.framework/Versions/A/SecurityHI
0x0000000124bd8000 	/Library/Java/JavaVirtualMachines/jdk1.8.0_25.jdk/Contents/Home/jre/lib/libawt.dylib
0x0000000124c87000 	/Library/Java/JavaVirtualMachines/jdk1.8.0_25.jdk/Contents/Home/jre/lib/./libmlib_image.dylib
0x0000000124d53000 	/Library/Java/JavaVirtualMachines/jdk1.8.0_25.jdk/Contents/Home/jre/lib/libawt_lwawt.dylib
0x0000000124e06000 	/Library/Java/JavaVirtualMachines/jdk1.8.0_25.jdk/Contents/Home/jre/lib/./libosxapp.dylib
0x000000000366c000 	/System/Library/Frameworks/ExceptionHandling.framework/Versions/A/ExceptionHandling
0x000000000366c000 	/System/Library/PrivateFrameworks/CoreServicesInternal.framework/Versions/A/CoreServicesInternal
0x000000000366c000 	/System/Library/PrivateFrameworks/CloudDocs.framework/Versions/A/CloudDocs
0x000000000366c000 	/System/Library/PrivateFrameworks/CoreDuet.framework/Versions/A/CoreDuet
0x000000000366c000 	/System/Library/Frameworks/CloudKit.framework/Versions/A/CloudKit
0x000000000366c000 	/System/Library/PrivateFrameworks/ProtocolBuffer.framework/Versions/A/ProtocolBuffer
0x000000000366c000 	/System/Library/PrivateFrameworks/CoreDuetDaemonProtocol.framework/Versions/A/CoreDuetDaemonProtocol
0x000000000366c000 	/System/Library/PrivateFrameworks/CoreDuetDebugLogging.framework/Versions/A/CoreDuetDebugLogging
0x000000000366c000 	/System/Library/Frameworks/CoreLocation.framework/Versions/A/CoreLocation
0x000000000366c000 	/System/Library/Frameworks/Accounts.framework/Versions/A/Accounts
0x000000000366c000 	/System/Library/PrivateFrameworks/ApplePushService.framework/Versions/A/ApplePushService
0x000000000366c000 	/System/Library/PrivateFrameworks/GeoServices.framework/Versions/A/GeoServices
0x000000000366c000 	/System/Library/PrivateFrameworks/OAuth.framework/Versions/A/OAuth
0x000000000366c000 	/System/Library/PrivateFrameworks/CoreDaemon.framework/Versions/B/CoreDaemon
0x000000000366c000 	/usr/lib/libcrypto.0.9.8.dylib
0x000000000366c000 	/System/Library/PrivateFrameworks/AppleSRP.framework/Versions/A/AppleSRP
0x000000000366c000 	/System/Library/PrivateFrameworks/TrustEvaluationAgent.framework/Versions/A/TrustEvaluationAgent
0x000000000366c000 	/System/Library/Frameworks/CoreGraphics.framework/Versions/A/Resources/libCGCMS.A.dylib
0x000000000366c000 	/System/Library/Frameworks/CoreGraphics.framework/Versions/A/Resources/libRIP.A.dylib
0x000000000366c000 	/System/Library/Frameworks/CoreGraphics.framework/Versions/A/Resources/libCGXType.A.dylib
0x000000000366c000 	/System/Library/Frameworks/OpenCL.framework/Versions/A/Libraries/libcldcpuengine.dylib
0x000000000366c000 	/System/Library/PrivateFrameworks/DiskImages.framework/Versions/A/DiskImages
0x000000000366c000 	/System/Library/Frameworks/DiscRecording.framework/Versions/A/DiscRecording
0x000000000366c000 	/usr/lib/libcsfde.dylib
0x000000000366c000 	/usr/lib/libcurl.4.dylib
0x000000000366c000 	/System/Library/PrivateFrameworks/MediaKit.framework/Versions/A/MediaKit
0x000000000366c000 	/System/Library/PrivateFrameworks/ProtectedCloudStorage.framework/Versions/A/ProtectedCloudStorage
0x000000000366c000 	/usr/lib/libCoreStorage.dylib
0x000000000366c000 	/System/Library/PrivateFrameworks/EFILogin.framework/Versions/A/EFILogin
0x000000000366c000 	/usr/lib/libutil.dylib
0x000000000366c000 	/System/Library/PrivateFrameworks/FindMyDevice.framework/Versions/A/FindMyDevice
0x000000000366c000 	/System/Library/Frameworks/LDAP.framework/Versions/A/LDAP
0x000000000366c000 	/usr/lib/libsasl2.2.dylib
0x0000000127da4000 	cl_kernels
0x0000000127da6000 	/System/Library/Frameworks/OpenCL.framework/Versions/A/Libraries/ImageFormats/unorm8_bgra.dylib
0x0000000127d95000 	cl_kernels
0x000000000366c000 	/System/Library/PrivateFrameworks/FamilyControls.framework/Versions/A/FamilyControls
0x000000000366c000 	/System/Library/PrivateFrameworks/CommerceKit.framework/Versions/A/Frameworks/CommerceCore.framework/Versions/A/CommerceCore
0x000000000366c000 	/System/Library/PrivateFrameworks/SystemAdministration.framework/Versions/A/SystemAdministration
0x000000000366c000 	/System/Library/PrivateFrameworks/AppContainer.framework/Versions/A/AppContainer
0x000000000366c000 	/System/Library/PrivateFrameworks/SecCodeWrapper.framework/Versions/A/SecCodeWrapper
0x000000000366c000 	/System/Library/Frameworks/DirectoryService.framework/Versions/A/DirectoryService
0x000000000366c000 	/System/Library/PrivateFrameworks/LoginUIKit.framework/Versions/A/Frameworks/LoginUICore.framework/Versions/A/LoginUICore
0x000000000366c000 	/usr/lib/libodfde.dylib
0x00000001271bb000 	/Library/Java/JavaVirtualMachines/jdk1.8.0_25.jdk/Contents/Home/jre/lib/libnio.dylib
0x00000001271cb000 	/Library/Java/JavaVirtualMachines/jdk1.8.0_25.jdk/Contents/Home/jre/lib/./libnet.dylib
0x000000012926d000 	/Library/Java/JavaVirtualMachines/jdk1.8.0_25.jdk/Contents/Home/jre/lib/libjpeg.dylib

VM Arguments:
jvm_args: -Dfile.encoding=UTF-8 
java_command: ch.aiko.pokemon.Pokemon
java_class_path (initial): /Users/aaron/Dropbox/Eclipse Workspace/Pokemon/bin:/Users/aaron/Dropbox/Eclipse Workspace/AikoUtil.jar
Launcher Type: SUN_STANDARD

Environment Variables:
PATH=/usr/bin:/bin:/usr/sbin:/sbin
SHELL=/bin/bash
DISPLAY=/private/tmp/com.apple.launchd.M5uFq37nJG/org.macosforge.xquartz:0

Signal Handlers:
SIGSEGV: [libjvm.dylib+0x579dc7], sa_mask[0]=11111111011111110111111111111111, sa_flags=SA_ONSTACK|SA_RESTART|SA_SIGINFO
SIGBUS: [libjvm.dylib+0x579dc7], sa_mask[0]=11111111011111110111111111111111, sa_flags=SA_RESTART|SA_SIGINFO
SIGFPE: [libjvm.dylib+0x45b030], sa_mask[0]=11111111011111110111111111111111, sa_flags=SA_RESTART|SA_SIGINFO
SIGPIPE: [libjvm.dylib+0x45b030], sa_mask[0]=11111111011111110111111111111111, sa_flags=SA_RESTART|SA_SIGINFO
SIGXFSZ: [libjvm.dylib+0x45b030], sa_mask[0]=11111111011111110111111111111111, sa_flags=SA_RESTART|SA_SIGINFO
SIGILL: [libjvm.dylib+0x45b030], sa_mask[0]=11111111011111110111111111111111, sa_flags=SA_RESTART|SA_SIGINFO
SIGUSR1: SIG_DFL, sa_mask[0]=00000000000000000000000000000000, sa_flags=none
SIGUSR2: [libjvm.dylib+0x45ab4e], sa_mask[0]=00100000000000000000000000000000, sa_flags=SA_RESTART|SA_SIGINFO
SIGHUP: [libjvm.dylib+0x459121], sa_mask[0]=11111111011111110111111111111111, sa_flags=SA_RESTART|SA_SIGINFO
SIGINT: [libjvm.dylib+0x459121], sa_mask[0]=11111111011111110111111111111111, sa_flags=SA_RESTART|SA_SIGINFO
SIGTERM: [libjvm.dylib+0x459121], sa_mask[0]=11111111011111110111111111111111, sa_flags=SA_RESTART|SA_SIGINFO
SIGQUIT: [libjvm.dylib+0x459121], sa_mask[0]=11111111011111110111111111111111, sa_flags=SA_RESTART|SA_SIGINFO


---------------  S Y S T E M  ---------------

OS:Bsduname:Darwin 14.1.0 Darwin Kernel Version 14.1.0: Mon Dec 22 23:10:38 PST 2014; root:xnu-2782.10.72~2/RELEASE_X86_64 x86_64
rlimit: STACK 8192k, CORE 0k, NPROC 709, NOFILE 10240, AS infinity
load average:1.96 2.30 2.20

CPU:total 8 (4 cores per cpu, 2 threads per core) family 6 model 42 stepping 7, cmov, cx8, fxsr, mmx, sse, sse2, sse3, ssse3, sse4.1, sse4.2, popcnt, avx, aes, clmul, ht, tsc, tscinvbit

Memory: 4k page, physical 16777216k(2170816k free)

/proc/meminfo:


vm_info: Java HotSpot(TM) 64-Bit Server VM (25.25-b02) for bsd-amd64 JRE (1.8.0_25-b17), built on Sep 17 2014 16:56:50 by "java_re" with gcc 4.2.1 (Based on Apple Inc. build 5658) (LLVM build 2336.11.00)

time: Fri Feb 13 21:25:21 2015
elapsed time: 0 seconds (0d 0h 0m 0s)

